
Showing logs for build [32mjenkins-x-labs-bot-bdd-gh-15871-7d7d9-1[0m stage [32mfrom-build-pack[0m and container [32mstep-credential-initializer-kvddm[0m
{"level":"warn","ts":1587136047.7501383,"logger":"fallback-logger","caller":"logging/config.go:69","msg":"Fetch GitHub commit ID from kodata failed: \"ref: refs/heads/0.8.0-**-support-backwards-incompats\" is not a valid GitHub commit ID"}
{"level":"info","ts":1587136047.7516816,"logger":"fallback-logger","caller":"creds-init/main.go:40","msg":"Credentials initialized."}

Showing logs for build [32mjenkins-x-labs-bot-bdd-gh-15871-7d7d9-1[0m stage [32mfrom-build-pack[0m and container [32mstep-working-dir-initializer-kl97l[0m
{"level":"warn","ts":1587136049.0918322,"logger":"fallback-logger","caller":"logging/config.go:69","msg":"Fetch GitHub commit ID from kodata failed: open /var/run/ko/HEAD: no such file or directory"}
{"level":"info","ts":1587136049.0995831,"logger":"fallback-logger","caller":"bash/main.go:64","msg":"Successfully executed command \"sh -c mkdir -p /workspace/source\"; output "}

Showing logs for build [32mjenkins-x-labs-bot-bdd-gh-15871-7d7d9-1[0m stage [32mfrom-build-pack[0m and container [32mstep-place-tools[0m

Showing logs for build [32mjenkins-x-labs-bot-bdd-gh-15871-7d7d9-1[0m stage [32mfrom-build-pack[0m and container [32mstep-git-source-jenkins-x-labs-bot-bdd-gh-15871-7d7d9-mlr2s[0m
{"level":"warn","ts":1587136126.3141046,"logger":"fallback-logger","caller":"logging/config.go:69","msg":"Fetch GitHub commit ID from kodata failed: \"ref: refs/heads/0.8.0-**-support-backwards-incompats\" is not a valid GitHub commit ID"}
{"level":"info","ts":1587136127.3702428,"logger":"fallback-logger","caller":"git/git.go:103","msg":"Successfully cloned https://github.com/******************/bdd-gh-1587135903.git @ v0.0.1 in path /workspace/source"}

Showing logs for build [32mjenkins-x-labs-bot-bdd-gh-15871-7d7d9-1[0m stage [32mfrom-build-pack[0m and container [32mstep-git-merge[0m
Using SHAs from PULL_REFS=master:
WARNING: no SHAs to merge, falling back to initial cloned commit

Showing logs for build [32mjenkins-x-labs-bot-bdd-gh-15871-7d7d9-1[0m stage [32mfrom-build-pack[0m and container [32mstep-setup-jx-git-credentials[0m
Generated Git credentials file /workspace/xdg_config/git/credentials

Showing logs for build [32mjenkins-x-labs-bot-bdd-gh-15871-7d7d9-1[0m stage [32mfrom-build-pack[0m and container [32mstep-build-make-build[0m
CGO_ENABLED=0 GO15VENDOREXPERIMENT=1 go build -ldflags '' -o bin/bdd-gh-1587135903 main.go

Showing logs for build [32mjenkins-x-labs-bot-bdd-gh-15871-7d7d9-1[0m stage [32mfrom-build-pack[0m and container [32mstep-build-container-build[0m
ERROR: logging before flag.Parse: E0417 15:08:56.048058      12 metadata.go:241] Failed to unmarshal scopes: invalid character 'h' looking for beginning of value
[36mINFO[0m[0000] No base image, nothing to extract            
[36mINFO[0m[0000] cmd: EXPOSE                                  
[36mINFO[0m[0000] Adding exposed port: 8080/tcp                
[36mINFO[0m[0000] Using files from context: [/workspace/source/bin] 
[36mINFO[0m[0000] Skipping unpacking as no commands require it. 
[36mINFO[0m[0000] Taking snapshot of full filesystem...        
[36mINFO[0m[0000] EXPOSE 8080                                  
[36mINFO[0m[0000] cmd: EXPOSE                                  
[36mINFO[0m[0000] Adding exposed port: 8080/tcp                
[36mINFO[0m[0000] No files changed in this command, skipping snapshotting. 
[36mINFO[0m[0000] ENTRYPOINT ["/bdd-gh-1587135903"]            
[36mINFO[0m[0000] No files changed in this command, skipping snapshotting. 
[36mINFO[0m[0000] Using files from context: [/workspace/source/bin] 
[36mINFO[0m[0000] COPY ./bin/ /                                
[36mINFO[0m[0000] Taking snapshot of files...                  
2020/04/17 15:08:59 pushed blob: sha256:b7c0915fff1b2b1eac61586e3b0ba639523eed8ecbecbcba5a6f647f939a1d86
2020/04/17 15:09:00 pushed blob: sha256:44c0fa9c91c439054b9c67523b62dd21733109d7aec01119534a2ca152193b37
2020/04/17 15:09:01 gcr.io/jenkins-x-labs-bdd/bdd-gh-1587135903:0.0.1: digest: sha256:535318f6839917783308546a8a17a767f2faacbb012acaf1d24f42a3daa73921 size: 428

Showing logs for build [32mjenkins-x-labs-bot-bdd-gh-15871-7d7d9-1[0m stage [32mfrom-build-pack[0m and container [32mstep-build-post-build[0m
no CVE provider running in the current ** namespace so skip adding image to be analysed

Showing logs for build [32mjenkins-x-labs-bot-bdd-gh-15871-7d7d9-1[0m stage [32mfrom-build-pack[0m and container [32mstep-promote-changelog[0m
Converted /workspace/source/charts/bdd-gh-1587135903 to an unshallow repository
Generating change log from git ref ccff754f290eb2cd7635ec2806d14edbe258d4d7 => 65c12ee60f6a60649bc201a692bfbf51021d0497
Associating user x-0 in users.jenkins.io with email jenkins-x-*****@googlegroups.com to git GitProvider user with login -0 as emails match
Adding label jenkins.io/git-github-userid=-0 to user x-0 in users.jenkins.io
WARNING: Failed to enrich commit 8a017e83e147993db9e64df43c1c83a4698eaea4 with issues: User.jenkins.io "x-0" is invalid: metadata.labels: Invalid value: "-0": a valid label must be an empty string or consist of alphanumeric characters, '-', '_' or '.', and must start and end with an alphanumeric character (e.g. 'MyValue',  or 'my_value',  or '12345', regex used for validation is '(([A-Za-z0-9][-A-Za-z0-9_.]*)?[A-Za-z0-9])?')
Finding issues in commit messages using git format
WARNING: No release found for ******************/bdd-gh-1587135903 and tag v0.0.1 so creating a new release
Updated the release information at https://github.com/******************/bdd-gh-1587135903/releases/tag/v0.0.1
generated: /workspace/source/charts/bdd-gh-1587135903/templates/release.yaml
Created Release bdd-gh-1587135903-0-0-1 resource in namespace **
Updating PipelineActivity ******************-bdd-gh-1587135903-master-1 with version 0.0.1
Updated PipelineActivities ******************-bdd-gh-1587135903-master-1 with release notes URL: https://github.com/******************/bdd-gh-1587135903/releases/tag/v0.0.1

Showing logs for build [32mjenkins-x-labs-bot-bdd-gh-15871-7d7d9-1[0m stage [32mfrom-build-pack[0m and container [32mstep-promote-helm-release[0m
WARNING: No $CHART_REPOSITORY defined so using the default value of: http://jenkins-x-chartmuseum:8080
Adding missing Helm repo: storage.googleapis.com https://storage.googleapis.com/chartmuseum.jenkins-x.io
Successfully added Helm repository storage.googleapis.com.
Adding missing Helm repo: jenkins-x-chartmuseum http://jenkins-x-chartmuseum:8080
Successfully added Helm repository jenkins-x-chartmuseum.
WARNING: No $CHART_REPOSITORY defined so using the default value of: http://jenkins-x-chartmuseum:8080
Uploading chart file bdd-gh-1587135903-0.0.1.tgz to http://jenkins-x-chartmuseum:8080/api/charts
Received 201 response: {"saved":true}

Showing logs for build [32mjenkins-x-labs-bot-bdd-gh-15871-7d7d9-1[0m stage [32mfrom-build-pack[0m and container [32mstep-promote-jx-promote[0m
WARNING: prow based install so skip waiting for the merge of Pull Requests to go green as currently there is an issue with gettingstatuses from the PR, see https://github.com/jenkins-x/**/issues/2410
WARNING: No $CHART_REPOSITORY defined so using the default value of: http://jenkins-x-chartmuseum:8080
Promoting app bdd-gh-1587135903 version 0.0.1 to namespace **-staging
WARNING: could not find upstream git URL failed to unmarshal  due to no GitConfDir defined
Created Pull Request: https://github.com/******************/environment-pr-1-31-bdd-gke-staging/pull/1
Added label updatebot to Pull Request https://github.com/******************/environment-pr-1-31-bdd-gke-staging/pull/1
got git provider status pending from PR https://github.com/******************/environment-pr-1-31-bdd-gke-staging/pull/1
got git provider status pending from PR https://github.com/******************/environment-pr-1-31-bdd-gke-staging/pull/1
got git provider status pending from PR https://github.com/******************/environment-pr-1-31-bdd-gke-staging/pull/1
got git provider status pending from PR https://github.com/******************/environment-pr-1-31-bdd-gke-staging/pull/1
Pull Request https://github.com/******************/environment-pr-1-31-bdd-gke-staging/pull/1 is merged at sha affa96b7e032224e698194a532e26de8b5f6ee89
Pull Request merged but we are not waiting for the update pipeline to complete!
WARNING: Could not find the service URL in namespace **-staging for names bdd-gh-1587135903, **-bdd-gh-1587135903, **-staging-bdd-gh-1587135903
